<?xml version="1.0" encoding="UTF-8"?>
<!-- Generated by org.testng.reporters.JUnitReportReporter -->
<testsuite hostname="DESKTOP-5L1E4MF" failures="0" tests="1" name="com.orangehrm_hybridframework.testCases.Dashboard_TC001" time="16.604" errors="0" timestamp="27 Jul 2021 15:55:59 GMT" skipped="0">
  <testcase classname="com.orangehrm_hybridframework.testCases.Dashboard_TC001" name="logoutTC_001" time="16.604"/>
</testsuite> <!-- com.orangehrm_hybridframework.testCases.Dashboard_TC001 -->
