<?xml version="1.0" encoding="UTF-8"?>
<!-- Generated by org.testng.reporters.JUnitReportReporter -->
<testsuite hostname="DESKTOP-5L1E4MF" failures="0" tests="1" name="com.orangehrm_hybridframework.testCases.Login_TC001" time="10.660" errors="0" timestamp="31 Jul 2021 11:14:07 GMT" skipped="0">
  <testcase classname="com.orangehrm_hybridframework.testCases.Login_TC001" name="loginTC_001" time="10.660"/>
</testsuite> <!-- com.orangehrm_hybridframework.testCases.Login_TC001 -->
